Running: fuse.exe -relaunch -intstyle "ise" -incremental -o "E:/electronica/proyectos y trabajos de la utp/sistemas digitalesIII/programas_xiling/procesador/procesador_aleja/procesador_aleja/simulacionpc_test_isim_beh.exe" -prj "E:/electronica/proyectos y trabajos de la utp/sistemas digitalesIII/programas_xiling/procesador/procesador_aleja/procesador_aleja/simulacionpc_test_beh.prj" "work.simulacionpc_test" 
ISim P.20131013 (signature 0x7708f090)
Number of CPUs detected in this system: 2
Turning on mult-threading, number of parallel sub-compilation jobs: 4 
Determining compilation order of HDL files
Parsing VHDL file "E:/electronica/proyectos y trabajos de la utp/sistemas digitalesIII/programas_xiling/procesador/procesador_aleja/procesador_aleja/pc.vhd" into library work
Parsing VHDL file "E:/electronica/proyectos y trabajos de la utp/sistemas digitalesIII/programas_xiling/procesador/procesador_aleja/procesador_aleja/simulacionpc_test.vhd" into library work
Starting static elaboration
Completed static elaboration
Compiling package standard
Compiling package std_logic_1164
Compiling package std_logic_arith
Compiling package std_logic_unsigned
Compiling package numeric_std
Compiling architecture behavioral of entity PC [pc_default]
Compiling architecture behavior of entity simulacionpc_test
Time Resolution for simulation is 1ps.
Waiting for 3 sub-compilation(s) to finish...
Compiled 8 VHDL Units
Built simulation executable E:/electronica/proyectos y trabajos de la utp/sistemas digitalesIII/programas_xiling/procesador/procesador_aleja/procesador_aleja/simulacionpc_test_isim_beh.exe
Fuse Memory Usage: 35840 KB
Fuse CPU Usage: 1590 ms
